


ARM Macro Assembler    Page 1 


    1 00000000         ;/******************************************************
                       ***********************
    2 00000000         ; * @file:    startup_LPC177x_8x.s
    3 00000000         ; * @purpose: CMSIS Cortex-M3 Core Device Startup File
    4 00000000         ; *           for the NXP LPC177x_8x Device Series 
    5 00000000         ; * @version: V1.20
    6 00000000         ; * @date:    07. October 2010
    7 00000000         ; *------- <<< Use Configuration Wizard in Context Menu 
                       >>> ------------------
    8 00000000         ; *
    9 00000000         ; * Copyright (C) 2010 ARM Limited. All rights reserved.
                       
   10 00000000         ; * ARM Limited (ARM) is supplying this software for use
                        with Cortex-M3
   11 00000000         ; * processor based microcontrollers.  This file can be 
                       freely distributed
   12 00000000         ; * within development tools that are supporting such AR
                       M based processors.
   13 00000000         ; *
   14 00000000         ; * THIS SOFTWARE IS PROVIDED "AS IS".  NO WARRANTIES, W
                       HETHER EXPRESS, IMPLIED
   15 00000000         ; * OR STATUTORY, INCLUDING, BUT NOT LIMITED TO, IMPLIED
                        WARRANTIES OF
   16 00000000         ; * MERCHANTABILITY AND FITNESS FOR A PARTICULAR PURPOSE
                        APPLY TO THIS SOFTWARE.
   17 00000000         ; * ARM SHALL NOT, IN ANY CIRCUMSTANCES, BE LIABLE FOR S
                       PECIAL, INCIDENTAL, OR
   18 00000000         ; * CONSEQUENTIAL DAMAGES, FOR ANY REASON WHATSOEVER.
   19 00000000         ; *
   20 00000000         ; ******************************************************
                       ***********************/
   21 00000000         
   22 00000000         
   23 00000000         ; <h> Stack Configuration
   24 00000000         ;   <o> Stack Size (in Bytes) <0x0-0xFFFFFFFF:8>
   25 00000000         ; </h>
   26 00000000         
   27 00000000 00002000 
                       Stack_Size
                               EQU              0x00002000
   28 00000000         
   29 00000000                 AREA             STACK, NOINIT, READWRITE, ALIGN
=3
   30 00000000         Stack_Mem
                               SPACE            Stack_Size
   31 00002000         __initial_sp
   32 00002000         
   33 00002000         ; <h> Heap Configuration
   34 00002000         ;   <o0>  Heap Base Address <0x0-0xFFFFFFFF:8>
   35 00002000         ;   <o1>  Heap Size (in Bytes) <0x0-0xFFFFFFFF:8>
   36 00002000         ; </h>
   37 00002000         
   38 00002000 A1E00000 
                       Heap_Base
                               EQU              0xA1E00000  ; 0xA3000000
   39 00002000 00100000 
                       Heap_Size
                               EQU              0x00100000
   40 00002000         



ARM Macro Assembler    Page 2 


   41 00002000                 AREA             HEAP, NOINIT, READWRITE, ALIGN=
3
   42 00000000 A1E00000 
                       __heap_base
                               EQU              Heap_Base
   43 00000000         ;Heap_Mem        SPACE   Heap_Size
   44 00000000 A1F00000 
                       __heap_limit
                               EQU              Heap_Base+Heap_Size
   45 00000000         
   46 00000000                 PRESERVE8
   47 00000000                 THUMB
   48 00000000         
   49 00000000         
   50 00000000         ; Vector Table Mapped to Address 0 at Reset
   51 00000000         
   52 00000000                 AREA             RESET, DATA, READONLY
   53 00000000                 EXPORT           __Vectors
   54 00000000         
   55 00000000 00000000 
                       __Vectors
                               DCD              __initial_sp ; Top of Stack
   56 00000004 00000000        DCD              Reset_Handler ; Reset Handler
   57 00000008 00000000        DCD              NMI_Handler ; NMI Handler
   58 0000000C 00000000        DCD              HardFault_Handler ; Hard Fault 
                                                            Handler
   59 00000010 00000000        DCD              MemManage_Handler 
                                                            ; MPU Fault Handler
                                                            
   60 00000014 00000000        DCD              BusFault_Handler 
                                                            ; Bus Fault Handler
                                                            
   61 00000018 00000000        DCD              UsageFault_Handler ; Usage Faul
                                                            t Handler
   62 0000001C 00010000        DCD              65536       ; Reserved
   63 00000020 00000000        DCD              0           ; Reserved
   64 00000024 00000000        DCD              0           ; Reserved
   65 00000028 00000000        DCD              0           ; Reserved
   66 0000002C 00000000        DCD              SVC_Handler ; SVCall Handler
   67 00000030 00000000        DCD              DebugMon_Handler ; Debug Monito
                                                            r Handler
   68 00000034 00000000        DCD              0           ; Reserved
   69 00000038 00000000        DCD              PendSV_Handler ; PendSV Handler
                                                            
   70 0000003C 00000000        DCD              SysTick_Handler 
                                                            ; SysTick Handler
   71 00000040         
   72 00000040         ; External Interrupts
   73 00000040 00000000        DCD              WDT_IRQHandler ; 16: Watchdog T
                                                            imer
   74 00000044 00000000        DCD              TIMER0_IRQHandler ; 17: Timer0
   75 00000048 00000000        DCD              TIMER1_IRQHandler ; 18: Timer1
   76 0000004C 00000000        DCD              TIMER2_IRQHandler ; 19: Timer2
   77 00000050 00000000        DCD              TIMER3_IRQHandler ; 20: Timer3
   78 00000054 00000000        DCD              UART0_IRQHandler ; 21: UART0
   79 00000058 00000000        DCD              UART1_IRQHandler ; 22: UART1
   80 0000005C 00000000        DCD              UART2_IRQHandler ; 23: UART2
   81 00000060 00000000        DCD              UART3_IRQHandler ; 24: UART3
   82 00000064 00000000        DCD              PWM1_IRQHandler ; 25: PWM1



ARM Macro Assembler    Page 3 


   83 00000068 00000000        DCD              I2C0_IRQHandler ; 26: I2C0
   84 0000006C 00000000        DCD              I2C1_IRQHandler ; 27: I2C1
   85 00000070 00000000        DCD              I2C2_IRQHandler ; 28: I2C2
   86 00000074 00000000        DCD              SPIFI_IRQHandler ; 29: SPIFI
   87 00000078 00000000        DCD              SSP0_IRQHandler ; 30: SSP0
   88 0000007C 00000000        DCD              SSP1_IRQHandler ; 31: SSP1
   89 00000080 00000000        DCD              PLL0_IRQHandler ; 32: PLL0 Lock
                                                             (Main PLL)
   90 00000084 00000000        DCD              RTC_IRQHandler ; 33: Real Time 
                                                            Clock
   91 00000088 00000000        DCD              EINT0_IRQHandler ; 34: External
                                                             Interrupt 0
   92 0000008C 00000000        DCD              EINT1_IRQHandler ; 35: External
                                                             Interrupt 1
   93 00000090 00000000        DCD              EINT2_IRQHandler ; 36: External
                                                             Interrupt 2
   94 00000094 00000000        DCD              EINT3_IRQHandler ; 37: External
                                                             Interrupt 3
   95 00000098 00000000        DCD              ADC_IRQHandler 
                                                            ; 38: A/D Converter
                                                            
   96 0000009C 00000000        DCD              BOD_IRQHandler ; 39: Brown-Out 
                                                            Detect
   97 000000A0 00000000        DCD              USB_IRQHandler ; 40: USB
   98 000000A4 00000000        DCD              CAN_IRQHandler ; 41: CAN
   99 000000A8 00000000        DCD              DMA_IRQHandler ; 42: General Pu
                                                            rpose DMA
  100 000000AC 00000000        DCD              I2S_IRQHandler ; 43: I2S
  101 000000B0 00000000        DCD              ENET_IRQHandler ; 44: Ethernet
  102 000000B4 00000000        DCD              MCI_IRQHandler ; 45: SD/MMC car
                                                            d I/F
  103 000000B8 00000000        DCD              MCPWM_IRQHandler ; 46: Motor Co
                                                            ntrol PWM
  104 000000BC 00000000        DCD              QEI_IRQHandler ; 47: Quadrature
                                                             Encoder Interface
  105 000000C0 00000000        DCD              PLL1_IRQHandler ; 48: PLL1 Lock
                                                             (USB PLL)
  106 000000C4 00000000        DCD              USBActivity_IRQHandler ; 49: US
                                                            B Activity interrup
                                                            t to wakeup
  107 000000C8 00000000        DCD              CANActivity_IRQHandler ; 50: CA
                                                            N Activity interrup
                                                            t to wakeup
  108 000000CC 00000000        DCD              UART4_IRQHandler ; 51: UART4
  109 000000D0 00000000        DCD              SSP2_IRQHandler ; 52: SSP2
  110 000000D4 00000000        DCD              LCD_IRQHandler ; 53: LCD
  111 000000D8 00000000        DCD              GPIO_IRQHandler ; 54: GPIO
  112 000000DC 00000000        DCD              PWM0_IRQHandler ; 55: PWM0
  113 000000E0 00000000        DCD              EEPROM_IRQHandler ; 56: EEPROM
  114 000000E4         
  115 000000E4         
  116 000000E4                 IF               :LNOT::DEF:NO_CRP
  117 000000E4                 AREA             |.ARM.__at_0x02FC|, CODE, READO
NLY
  118 00000000 FFFFFFFF 
                       CRP_Key DCD              0xFFFFFFFF
  119 00000004                 ENDIF
  120 00000004         
  121 00000004         



ARM Macro Assembler    Page 4 


  122 00000004                 AREA             |.text|, CODE, READONLY
  123 00000000         
  124 00000000         
  125 00000000         ; Reset Handler
  126 00000000         
  127 00000000         Reset_Handler
                               PROC
  128 00000000                 EXPORT           Reset_Handler             [WEAK
]
  129 00000000                 IMPORT           SystemInit
  130 00000000                 IMPORT           __main
  131 00000000 4807            LDR              R0, =SystemInit
  132 00000002 4780            BLX              R0
  133 00000004 4807            LDR              R0, =__main
  134 00000006 4700            BX               R0
  135 00000008                 ENDP
  136 00000008         
  137 00000008         
  138 00000008         ; Dummy Exception Handlers (infinite loops which can be 
                       modified)
  139 00000008         
  140 00000008         NMI_Handler
                               PROC
  141 00000008                 EXPORT           NMI_Handler               [WEAK
]
  142 00000008 E7FE            B                .
  143 0000000A                 ENDP
  145 0000000A         HardFault_Handler
                               PROC
  146 0000000A                 EXPORT           HardFault_Handler         [WEAK
]
  147 0000000A E7FE            B                .
  148 0000000C 4770            BX               LR
  149 0000000E                 ENDP
  151 0000000E         MemManage_Handler
                               PROC
  152 0000000E                 EXPORT           MemManage_Handler         [WEAK
]
  153 0000000E E7FE            B                .
  154 00000010                 ENDP
  156 00000010         BusFault_Handler
                               PROC
  157 00000010                 EXPORT           BusFault_Handler          [WEAK
]
  158 00000010 E7FE            B                .
  159 00000012                 ENDP
  161 00000012         UsageFault_Handler
                               PROC
  162 00000012                 EXPORT           UsageFault_Handler        [WEAK
]
  163 00000012 E7FE            B                .
  164 00000014                 ENDP
  165 00000014         SVC_Handler
                               PROC
  166 00000014                 EXPORT           SVC_Handler               [WEAK
]
  167 00000014 E7FE            B                .
  168 00000016                 ENDP
  170 00000016         DebugMon_Handler



ARM Macro Assembler    Page 5 


                               PROC
  171 00000016                 EXPORT           DebugMon_Handler          [WEAK
]
  172 00000016 E7FE            B                .
  173 00000018                 ENDP
  174 00000018         PendSV_Handler
                               PROC
  175 00000018                 EXPORT           PendSV_Handler            [WEAK
]
  176 00000018 E7FE            B                .
  177 0000001A                 ENDP
  178 0000001A         SysTick_Handler
                               PROC
  179 0000001A                 EXPORT           SysTick_Handler           [WEAK
]
  180 0000001A E7FE            B                .
  181 0000001C                 ENDP
  182 0000001C         
  183 0000001C         Default_Handler
                               PROC
  184 0000001C         
  185 0000001C                 EXPORT           WDT_IRQHandler            [WEAK
]
  186 0000001C                 EXPORT           TIMER0_IRQHandler         [WEAK
]
  187 0000001C                 EXPORT           TIMER1_IRQHandler         [WEAK
]
  188 0000001C                 EXPORT           TIMER2_IRQHandler         [WEAK
]
  189 0000001C                 EXPORT           TIMER3_IRQHandler         [WEAK
]
  190 0000001C                 EXPORT           UART0_IRQHandler          [WEAK
]
  191 0000001C                 EXPORT           UART1_IRQHandler          [WEAK
]
  192 0000001C                 EXPORT           UART2_IRQHandler          [WEAK
]
  193 0000001C                 EXPORT           UART3_IRQHandler          [WEAK
]
  194 0000001C                 EXPORT           PWM1_IRQHandler           [WEAK
]
  195 0000001C                 EXPORT           I2C0_IRQHandler           [WEAK
]
  196 0000001C                 EXPORT           I2C1_IRQHandler           [WEAK
]
  197 0000001C                 EXPORT           I2C2_IRQHandler           [WEAK
]
  198 0000001C                 EXPORT           SPIFI_IRQHandler          [WEAK
]
  199 0000001C                 EXPORT           SSP0_IRQHandler           [WEAK
]
  200 0000001C                 EXPORT           SSP1_IRQHandler           [WEAK
]
  201 0000001C                 EXPORT           PLL0_IRQHandler           [WEAK
]
  202 0000001C                 EXPORT           RTC_IRQHandler            [WEAK
]
  203 0000001C                 EXPORT           EINT0_IRQHandler          [WEAK
]



ARM Macro Assembler    Page 6 


  204 0000001C                 EXPORT           EINT1_IRQHandler          [WEAK
]
  205 0000001C                 EXPORT           EINT2_IRQHandler          [WEAK
]
  206 0000001C                 EXPORT           EINT3_IRQHandler          [WEAK
]
  207 0000001C                 EXPORT           ADC_IRQHandler            [WEAK
]
  208 0000001C                 EXPORT           BOD_IRQHandler            [WEAK
]
  209 0000001C                 EXPORT           USB_IRQHandler            [WEAK
]
  210 0000001C                 EXPORT           CAN_IRQHandler            [WEAK
]
  211 0000001C                 EXPORT           DMA_IRQHandler            [WEAK
]
  212 0000001C                 EXPORT           I2S_IRQHandler            [WEAK
]
  213 0000001C                 EXPORT           ENET_IRQHandler           [WEAK
]
  214 0000001C                 EXPORT           MCI_IRQHandler            [WEAK
]
  215 0000001C                 EXPORT           MCPWM_IRQHandler          [WEAK
]
  216 0000001C                 EXPORT           QEI_IRQHandler            [WEAK
]
  217 0000001C                 EXPORT           PLL1_IRQHandler           [WEAK
]
  218 0000001C                 EXPORT           USBActivity_IRQHandler    [WEAK
]
  219 0000001C                 EXPORT           CANActivity_IRQHandler    [WEAK
]
  220 0000001C                 EXPORT           UART4_IRQHandler          [WEAK
]
  221 0000001C                 EXPORT           SSP2_IRQHandler           [WEAK
]
  222 0000001C                 EXPORT           LCD_IRQHandler            [WEAK
]
  223 0000001C                 EXPORT           GPIO_IRQHandler           [WEAK
]
  224 0000001C                 EXPORT           PWM0_IRQHandler           [WEAK
]
  225 0000001C                 EXPORT           EEPROM_IRQHandler         [WEAK
]
  226 0000001C         
  227 0000001C         WDT_IRQHandler
  228 0000001C         TIMER0_IRQHandler
  229 0000001C         TIMER1_IRQHandler
  230 0000001C         TIMER2_IRQHandler
  231 0000001C         TIMER3_IRQHandler
  232 0000001C         UART0_IRQHandler
  233 0000001C         UART1_IRQHandler
  234 0000001C         UART2_IRQHandler
  235 0000001C         UART3_IRQHandler
  236 0000001C         PWM1_IRQHandler
  237 0000001C         I2C0_IRQHandler
  238 0000001C         I2C1_IRQHandler
  239 0000001C         I2C2_IRQHandler
  240 0000001C         SPIFI_IRQHandler



ARM Macro Assembler    Page 7 


  241 0000001C         SSP0_IRQHandler
  242 0000001C         SSP1_IRQHandler
  243 0000001C         PLL0_IRQHandler
  244 0000001C         RTC_IRQHandler
  245 0000001C         EINT0_IRQHandler
  246 0000001C         EINT1_IRQHandler
  247 0000001C         EINT2_IRQHandler
  248 0000001C         EINT3_IRQHandler
  249 0000001C         ADC_IRQHandler
  250 0000001C         BOD_IRQHandler
  251 0000001C         USB_IRQHandler
  252 0000001C         CAN_IRQHandler
  253 0000001C         DMA_IRQHandler
  254 0000001C         I2S_IRQHandler
  255 0000001C         ENET_IRQHandler
  256 0000001C         MCI_IRQHandler
  257 0000001C         MCPWM_IRQHandler
  258 0000001C         QEI_IRQHandler
  259 0000001C         PLL1_IRQHandler
  260 0000001C         USBActivity_IRQHandler
  261 0000001C         CANActivity_IRQHandler
  262 0000001C         UART4_IRQHandler
  263 0000001C         SSP2_IRQHandler
  264 0000001C         LCD_IRQHandler
  265 0000001C         GPIO_IRQHandler
  266 0000001C         PWM0_IRQHandler
  267 0000001C         EEPROM_IRQHandler
  268 0000001C         
  269 0000001C E7FE            B                .
  270 0000001E         
  271 0000001E                 ENDP
  272 0000001E         
  273 0000001E         
  274 0000001E 00 00           ALIGN
  275 00000020         
  276 00000020         
  277 00000020         ; User Initial Stack & Heap
  278 00000020         
  279 00000020                 IF               :DEF:__MICROLIB
  280 00000020         
  281 00000020                 EXPORT           __initial_sp
  282 00000020                 EXPORT           __heap_base
  283 00000020                 EXPORT           __heap_limit
  284 00000020         
  285 00000020                 ELSE
  299                          ENDIF
  300 00000020         
  301 00000020         
  302 00000020                 END
              00000000 
              00000000 
Command Line: --debug --xref --cpu=Cortex-M3 --apcs=interwork --depend=.\Obj\st
artup_LPC177x_8x.d -o.\Obj\startup_LPC177x_8x.o -IE:\Keil\MDK.V4.70\ARM\RV31\IN
C -IE:\Keil\MDK.V4.70\ARM\CMSIS\Include -IE:\Keil\MDK.V4.70\ARM\Inc\NXP\LPC177x
_8x --predefine="__MICROLIB SETA 1" --list=.\Lst\startup_LPC177x_8x.lst Startup
\startup_LPC177x_8x.s



ARM Macro Assembler    Page 1 Alphabetic symbol ordering
Relocatable symbols

STACK 00000000

Symbol: STACK
   Definitions
      At line 29 in file Startup\startup_LPC177x_8x.s
   Uses
      None
Comment: STACK unused
Stack_Mem 00000000

Symbol: Stack_Mem
   Definitions
      At line 30 in file Startup\startup_LPC177x_8x.s
   Uses
      None
Comment: Stack_Mem unused
__initial_sp 00002000

Symbol: __initial_sp
   Definitions
      At line 31 in file Startup\startup_LPC177x_8x.s
   Uses
      At line 55 in file Startup\startup_LPC177x_8x.s
      At line 281 in file Startup\startup_LPC177x_8x.s

3 symbols



ARM Macro Assembler    Page 1 Alphabetic symbol ordering
Relocatable symbols

HEAP 00000000

Symbol: HEAP
   Definitions
      At line 41 in file Startup\startup_LPC177x_8x.s
   Uses
      None
Comment: HEAP unused
1 symbol



ARM Macro Assembler    Page 1 Alphabetic symbol ordering
Relocatable symbols

RESET 00000000

Symbol: RESET
   Definitions
      At line 52 in file Startup\startup_LPC177x_8x.s
   Uses
      None
Comment: RESET unused
__Vectors 00000000

Symbol: __Vectors
   Definitions
      At line 55 in file Startup\startup_LPC177x_8x.s
   Uses
      At line 53 in file Startup\startup_LPC177x_8x.s
Comment: __Vectors used once
2 symbols



ARM Macro Assembler    Page 1 Alphabetic symbol ordering
Relocatable symbols

.ARM.__at_0x02FC 00000000

Symbol: .ARM.__at_0x02FC
   Definitions
      At line 117 in file Startup\startup_LPC177x_8x.s
   Uses
      None
Comment: .ARM.__at_0x02FC unused
CRP_Key 00000000

Symbol: CRP_Key
   Definitions
      At line 118 in file Startup\startup_LPC177x_8x.s
   Uses
      None
Comment: CRP_Key unused
2 symbols



ARM Macro Assembler    Page 1 Alphabetic symbol ordering
Relocatable symbols

.text 00000000

Symbol: .text
   Definitions
      At line 122 in file Startup\startup_LPC177x_8x.s
   Uses
      None
Comment: .text unused
ADC_IRQHandler 0000001C

Symbol: ADC_IRQHandler
   Definitions
      At line 249 in file Startup\startup_LPC177x_8x.s
   Uses
      At line 95 in file Startup\startup_LPC177x_8x.s
      At line 207 in file Startup\startup_LPC177x_8x.s

BOD_IRQHandler 0000001C

Symbol: BOD_IRQHandler
   Definitions
      At line 250 in file Startup\startup_LPC177x_8x.s
   Uses
      At line 96 in file Startup\startup_LPC177x_8x.s
      At line 208 in file Startup\startup_LPC177x_8x.s

BusFault_Handler 00000010

Symbol: BusFault_Handler
   Definitions
      At line 156 in file Startup\startup_LPC177x_8x.s
   Uses
      At line 60 in file Startup\startup_LPC177x_8x.s
      At line 157 in file Startup\startup_LPC177x_8x.s

CANActivity_IRQHandler 0000001C

Symbol: CANActivity_IRQHandler
   Definitions
      At line 261 in file Startup\startup_LPC177x_8x.s
   Uses
      At line 107 in file Startup\startup_LPC177x_8x.s
      At line 219 in file Startup\startup_LPC177x_8x.s

CAN_IRQHandler 0000001C

Symbol: CAN_IRQHandler
   Definitions
      At line 252 in file Startup\startup_LPC177x_8x.s
   Uses
      At line 98 in file Startup\startup_LPC177x_8x.s
      At line 210 in file Startup\startup_LPC177x_8x.s

DMA_IRQHandler 0000001C

Symbol: DMA_IRQHandler
   Definitions
      At line 253 in file Startup\startup_LPC177x_8x.s
   Uses



ARM Macro Assembler    Page 2 Alphabetic symbol ordering
Relocatable symbols

      At line 99 in file Startup\startup_LPC177x_8x.s
      At line 211 in file Startup\startup_LPC177x_8x.s

DebugMon_Handler 00000016

Symbol: DebugMon_Handler
   Definitions
      At line 170 in file Startup\startup_LPC177x_8x.s
   Uses
      At line 67 in file Startup\startup_LPC177x_8x.s
      At line 171 in file Startup\startup_LPC177x_8x.s

Default_Handler 0000001C

Symbol: Default_Handler
   Definitions
      At line 183 in file Startup\startup_LPC177x_8x.s
   Uses
      None
Comment: Default_Handler unused
EEPROM_IRQHandler 0000001C

Symbol: EEPROM_IRQHandler
   Definitions
      At line 267 in file Startup\startup_LPC177x_8x.s
   Uses
      At line 113 in file Startup\startup_LPC177x_8x.s
      At line 225 in file Startup\startup_LPC177x_8x.s

EINT0_IRQHandler 0000001C

Symbol: EINT0_IRQHandler
   Definitions
      At line 245 in file Startup\startup_LPC177x_8x.s
   Uses
      At line 91 in file Startup\startup_LPC177x_8x.s
      At line 203 in file Startup\startup_LPC177x_8x.s

EINT1_IRQHandler 0000001C

Symbol: EINT1_IRQHandler
   Definitions
      At line 246 in file Startup\startup_LPC177x_8x.s
   Uses
      At line 92 in file Startup\startup_LPC177x_8x.s
      At line 204 in file Startup\startup_LPC177x_8x.s

EINT2_IRQHandler 0000001C

Symbol: EINT2_IRQHandler
   Definitions
      At line 247 in file Startup\startup_LPC177x_8x.s
   Uses
      At line 93 in file Startup\startup_LPC177x_8x.s
      At line 205 in file Startup\startup_LPC177x_8x.s

EINT3_IRQHandler 0000001C

Symbol: EINT3_IRQHandler



ARM Macro Assembler    Page 3 Alphabetic symbol ordering
Relocatable symbols

   Definitions
      At line 248 in file Startup\startup_LPC177x_8x.s
   Uses
      At line 94 in file Startup\startup_LPC177x_8x.s
      At line 206 in file Startup\startup_LPC177x_8x.s

ENET_IRQHandler 0000001C

Symbol: ENET_IRQHandler
   Definitions
      At line 255 in file Startup\startup_LPC177x_8x.s
   Uses
      At line 101 in file Startup\startup_LPC177x_8x.s
      At line 213 in file Startup\startup_LPC177x_8x.s

GPIO_IRQHandler 0000001C

Symbol: GPIO_IRQHandler
   Definitions
      At line 265 in file Startup\startup_LPC177x_8x.s
   Uses
      At line 111 in file Startup\startup_LPC177x_8x.s
      At line 223 in file Startup\startup_LPC177x_8x.s

HardFault_Handler 0000000A

Symbol: HardFault_Handler
   Definitions
      At line 145 in file Startup\startup_LPC177x_8x.s
   Uses
      At line 58 in file Startup\startup_LPC177x_8x.s
      At line 146 in file Startup\startup_LPC177x_8x.s

I2C0_IRQHandler 0000001C

Symbol: I2C0_IRQHandler
   Definitions
      At line 237 in file Startup\startup_LPC177x_8x.s
   Uses
      At line 83 in file Startup\startup_LPC177x_8x.s
      At line 195 in file Startup\startup_LPC177x_8x.s

I2C1_IRQHandler 0000001C

Symbol: I2C1_IRQHandler
   Definitions
      At line 238 in file Startup\startup_LPC177x_8x.s
   Uses
      At line 84 in file Startup\startup_LPC177x_8x.s
      At line 196 in file Startup\startup_LPC177x_8x.s

I2C2_IRQHandler 0000001C

Symbol: I2C2_IRQHandler
   Definitions
      At line 239 in file Startup\startup_LPC177x_8x.s
   Uses
      At line 85 in file Startup\startup_LPC177x_8x.s
      At line 197 in file Startup\startup_LPC177x_8x.s



ARM Macro Assembler    Page 4 Alphabetic symbol ordering
Relocatable symbols


I2S_IRQHandler 0000001C

Symbol: I2S_IRQHandler
   Definitions
      At line 254 in file Startup\startup_LPC177x_8x.s
   Uses
      At line 100 in file Startup\startup_LPC177x_8x.s
      At line 212 in file Startup\startup_LPC177x_8x.s

LCD_IRQHandler 0000001C

Symbol: LCD_IRQHandler
   Definitions
      At line 264 in file Startup\startup_LPC177x_8x.s
   Uses
      At line 110 in file Startup\startup_LPC177x_8x.s
      At line 222 in file Startup\startup_LPC177x_8x.s

MCI_IRQHandler 0000001C

Symbol: MCI_IRQHandler
   Definitions
      At line 256 in file Startup\startup_LPC177x_8x.s
   Uses
      At line 102 in file Startup\startup_LPC177x_8x.s
      At line 214 in file Startup\startup_LPC177x_8x.s

MCPWM_IRQHandler 0000001C

Symbol: MCPWM_IRQHandler
   Definitions
      At line 257 in file Startup\startup_LPC177x_8x.s
   Uses
      At line 103 in file Startup\startup_LPC177x_8x.s
      At line 215 in file Startup\startup_LPC177x_8x.s

MemManage_Handler 0000000E

Symbol: MemManage_Handler
   Definitions
      At line 151 in file Startup\startup_LPC177x_8x.s
   Uses
      At line 59 in file Startup\startup_LPC177x_8x.s
      At line 152 in file Startup\startup_LPC177x_8x.s

NMI_Handler 00000008

Symbol: NMI_Handler
   Definitions
      At line 140 in file Startup\startup_LPC177x_8x.s
   Uses
      At line 57 in file Startup\startup_LPC177x_8x.s
      At line 141 in file Startup\startup_LPC177x_8x.s

PLL0_IRQHandler 0000001C

Symbol: PLL0_IRQHandler
   Definitions



ARM Macro Assembler    Page 5 Alphabetic symbol ordering
Relocatable symbols

      At line 243 in file Startup\startup_LPC177x_8x.s
   Uses
      At line 89 in file Startup\startup_LPC177x_8x.s
      At line 201 in file Startup\startup_LPC177x_8x.s

PLL1_IRQHandler 0000001C

Symbol: PLL1_IRQHandler
   Definitions
      At line 259 in file Startup\startup_LPC177x_8x.s
   Uses
      At line 105 in file Startup\startup_LPC177x_8x.s
      At line 217 in file Startup\startup_LPC177x_8x.s

PWM0_IRQHandler 0000001C

Symbol: PWM0_IRQHandler
   Definitions
      At line 266 in file Startup\startup_LPC177x_8x.s
   Uses
      At line 112 in file Startup\startup_LPC177x_8x.s
      At line 224 in file Startup\startup_LPC177x_8x.s

PWM1_IRQHandler 0000001C

Symbol: PWM1_IRQHandler
   Definitions
      At line 236 in file Startup\startup_LPC177x_8x.s
   Uses
      At line 82 in file Startup\startup_LPC177x_8x.s
      At line 194 in file Startup\startup_LPC177x_8x.s

PendSV_Handler 00000018

Symbol: PendSV_Handler
   Definitions
      At line 174 in file Startup\startup_LPC177x_8x.s
   Uses
      At line 69 in file Startup\startup_LPC177x_8x.s
      At line 175 in file Startup\startup_LPC177x_8x.s

QEI_IRQHandler 0000001C

Symbol: QEI_IRQHandler
   Definitions
      At line 258 in file Startup\startup_LPC177x_8x.s
   Uses
      At line 104 in file Startup\startup_LPC177x_8x.s
      At line 216 in file Startup\startup_LPC177x_8x.s

RTC_IRQHandler 0000001C

Symbol: RTC_IRQHandler
   Definitions
      At line 244 in file Startup\startup_LPC177x_8x.s
   Uses
      At line 90 in file Startup\startup_LPC177x_8x.s
      At line 202 in file Startup\startup_LPC177x_8x.s




ARM Macro Assembler    Page 6 Alphabetic symbol ordering
Relocatable symbols

Reset_Handler 00000000

Symbol: Reset_Handler
   Definitions
      At line 127 in file Startup\startup_LPC177x_8x.s
   Uses
      At line 56 in file Startup\startup_LPC177x_8x.s
      At line 128 in file Startup\startup_LPC177x_8x.s

SPIFI_IRQHandler 0000001C

Symbol: SPIFI_IRQHandler
   Definitions
      At line 240 in file Startup\startup_LPC177x_8x.s
   Uses
      At line 86 in file Startup\startup_LPC177x_8x.s
      At line 198 in file Startup\startup_LPC177x_8x.s

SSP0_IRQHandler 0000001C

Symbol: SSP0_IRQHandler
   Definitions
      At line 241 in file Startup\startup_LPC177x_8x.s
   Uses
      At line 87 in file Startup\startup_LPC177x_8x.s
      At line 199 in file Startup\startup_LPC177x_8x.s

SSP1_IRQHandler 0000001C

Symbol: SSP1_IRQHandler
   Definitions
      At line 242 in file Startup\startup_LPC177x_8x.s
   Uses
      At line 88 in file Startup\startup_LPC177x_8x.s
      At line 200 in file Startup\startup_LPC177x_8x.s

SSP2_IRQHandler 0000001C

Symbol: SSP2_IRQHandler
   Definitions
      At line 263 in file Startup\startup_LPC177x_8x.s
   Uses
      At line 109 in file Startup\startup_LPC177x_8x.s
      At line 221 in file Startup\startup_LPC177x_8x.s

SVC_Handler 00000014

Symbol: SVC_Handler
   Definitions
      At line 165 in file Startup\startup_LPC177x_8x.s
   Uses
      At line 66 in file Startup\startup_LPC177x_8x.s
      At line 166 in file Startup\startup_LPC177x_8x.s

SysTick_Handler 0000001A

Symbol: SysTick_Handler
   Definitions
      At line 178 in file Startup\startup_LPC177x_8x.s



ARM Macro Assembler    Page 7 Alphabetic symbol ordering
Relocatable symbols

   Uses
      At line 70 in file Startup\startup_LPC177x_8x.s
      At line 179 in file Startup\startup_LPC177x_8x.s

TIMER0_IRQHandler 0000001C

Symbol: TIMER0_IRQHandler
   Definitions
      At line 228 in file Startup\startup_LPC177x_8x.s
   Uses
      At line 74 in file Startup\startup_LPC177x_8x.s
      At line 186 in file Startup\startup_LPC177x_8x.s

TIMER1_IRQHandler 0000001C

Symbol: TIMER1_IRQHandler
   Definitions
      At line 229 in file Startup\startup_LPC177x_8x.s
   Uses
      At line 75 in file Startup\startup_LPC177x_8x.s
      At line 187 in file Startup\startup_LPC177x_8x.s

TIMER2_IRQHandler 0000001C

Symbol: TIMER2_IRQHandler
   Definitions
      At line 230 in file Startup\startup_LPC177x_8x.s
   Uses
      At line 76 in file Startup\startup_LPC177x_8x.s
      At line 188 in file Startup\startup_LPC177x_8x.s

TIMER3_IRQHandler 0000001C

Symbol: TIMER3_IRQHandler
   Definitions
      At line 231 in file Startup\startup_LPC177x_8x.s
   Uses
      At line 77 in file Startup\startup_LPC177x_8x.s
      At line 189 in file Startup\startup_LPC177x_8x.s

UART0_IRQHandler 0000001C

Symbol: UART0_IRQHandler
   Definitions
      At line 232 in file Startup\startup_LPC177x_8x.s
   Uses
      At line 78 in file Startup\startup_LPC177x_8x.s
      At line 190 in file Startup\startup_LPC177x_8x.s

UART1_IRQHandler 0000001C

Symbol: UART1_IRQHandler
   Definitions
      At line 233 in file Startup\startup_LPC177x_8x.s
   Uses
      At line 79 in file Startup\startup_LPC177x_8x.s
      At line 191 in file Startup\startup_LPC177x_8x.s

UART2_IRQHandler 0000001C



ARM Macro Assembler    Page 8 Alphabetic symbol ordering
Relocatable symbols


Symbol: UART2_IRQHandler
   Definitions
      At line 234 in file Startup\startup_LPC177x_8x.s
   Uses
      At line 80 in file Startup\startup_LPC177x_8x.s
      At line 192 in file Startup\startup_LPC177x_8x.s

UART3_IRQHandler 0000001C

Symbol: UART3_IRQHandler
   Definitions
      At line 235 in file Startup\startup_LPC177x_8x.s
   Uses
      At line 81 in file Startup\startup_LPC177x_8x.s
      At line 193 in file Startup\startup_LPC177x_8x.s

UART4_IRQHandler 0000001C

Symbol: UART4_IRQHandler
   Definitions
      At line 262 in file Startup\startup_LPC177x_8x.s
   Uses
      At line 108 in file Startup\startup_LPC177x_8x.s
      At line 220 in file Startup\startup_LPC177x_8x.s

USBActivity_IRQHandler 0000001C

Symbol: USBActivity_IRQHandler
   Definitions
      At line 260 in file Startup\startup_LPC177x_8x.s
   Uses
      At line 106 in file Startup\startup_LPC177x_8x.s
      At line 218 in file Startup\startup_LPC177x_8x.s

USB_IRQHandler 0000001C

Symbol: USB_IRQHandler
   Definitions
      At line 251 in file Startup\startup_LPC177x_8x.s
   Uses
      At line 97 in file Startup\startup_LPC177x_8x.s
      At line 209 in file Startup\startup_LPC177x_8x.s

UsageFault_Handler 00000012

Symbol: UsageFault_Handler
   Definitions
      At line 161 in file Startup\startup_LPC177x_8x.s
   Uses
      At line 61 in file Startup\startup_LPC177x_8x.s
      At line 162 in file Startup\startup_LPC177x_8x.s

WDT_IRQHandler 0000001C

Symbol: WDT_IRQHandler
   Definitions
      At line 227 in file Startup\startup_LPC177x_8x.s
   Uses



ARM Macro Assembler    Page 9 Alphabetic symbol ordering
Relocatable symbols

      At line 73 in file Startup\startup_LPC177x_8x.s
      At line 185 in file Startup\startup_LPC177x_8x.s

53 symbols



ARM Macro Assembler    Page 1 Alphabetic symbol ordering
Absolute symbols

Heap_Base A1E00000

Symbol: Heap_Base
   Definitions
      At line 38 in file Startup\startup_LPC177x_8x.s
   Uses
      At line 42 in file Startup\startup_LPC177x_8x.s
      At line 44 in file Startup\startup_LPC177x_8x.s

Heap_Size 00100000

Symbol: Heap_Size
   Definitions
      At line 39 in file Startup\startup_LPC177x_8x.s
   Uses
      At line 44 in file Startup\startup_LPC177x_8x.s
Comment: Heap_Size used once
Stack_Size 00002000

Symbol: Stack_Size
   Definitions
      At line 27 in file Startup\startup_LPC177x_8x.s
   Uses
      At line 30 in file Startup\startup_LPC177x_8x.s
Comment: Stack_Size used once
__heap_base A1E00000

Symbol: __heap_base
   Definitions
      At line 42 in file Startup\startup_LPC177x_8x.s
   Uses
      At line 282 in file Startup\startup_LPC177x_8x.s
Comment: __heap_base used once
__heap_limit A1F00000

Symbol: __heap_limit
   Definitions
      At line 44 in file Startup\startup_LPC177x_8x.s
   Uses
      At line 283 in file Startup\startup_LPC177x_8x.s
Comment: __heap_limit used once
5 symbols



ARM Macro Assembler    Page 1 Alphabetic symbol ordering
External symbols

SystemInit 00000000

Symbol: SystemInit
   Definitions
      At line 129 in file Startup\startup_LPC177x_8x.s
   Uses
      At line 131 in file Startup\startup_LPC177x_8x.s
Comment: SystemInit used once
__main 00000000

Symbol: __main
   Definitions
      At line 130 in file Startup\startup_LPC177x_8x.s
   Uses
      At line 133 in file Startup\startup_LPC177x_8x.s
Comment: __main used once
2 symbols
403 symbols in table
